# JRE version: OpenJDK Runtime Environment (8.0_162-b12) (build 1.8.0_162-8u162-b12-0ubuntu0.16.04.2-b12)
# Java VM: OpenJDK 64-Bit Server VM (25.162-b12 mixed mode linux-amd64 compressed oops)
Heap:
 PSYoungGen      total 151552K, used 0K [0x00000000f5b80000, 0x0000000100000000, 0x0000000100000000)
  eden space 134656K, 0% used [0x00000000f5b80000,0x00000000f5b80000,0x00000000fdf00000)
  from space 16896K, 0% used [0x00000000fef80000,0x00000000fef80000,0x0000000100000000)
  to   space 16896K, 0% used [0x00000000fdf00000,0x00000000fdf00000,0x00000000fef80000)
 ParOldGen       total 54784K, used 51860K [0x00000000e1200000, 0x00000000e4780000, 0x00000000f5b80000)
  object space 54784K, 94% used [0x00000000e1200000,0x00000000e44a5050,0x00000000e4780000)
 Metaspace       used 29214K, capacity 31042K, committed 31360K, reserved 1077248K
  class space    used 3536K, capacity 4157K, committed 4224K, reserved 1048576K
GC Heap History (10 events):
Event: 16.396 GC heap after
Heap after GC invocations=18 (full 2):
 PSYoungGen      total 119808K, used 7292K [0x00000000f5b80000, 0x00000000fe600000, 0x0000000100000000)
  eden space 112128K, 0% used [0x00000000f5b80000,0x00000000f5b80000,0x00000000fc900000)
  from space 7680K, 94% used [0x00000000fde80000,0x00000000fe59f2f0,0x00000000fe600000)
  to   space 13312K, 0% used [0x00000000fcc00000,0x00000000fcc00000,0x00000000fd900000)
 ParOldGen       total 54784K, used 32944K [0x00000000e1200000, 0x00000000e4780000, 0x00000000f5b80000)
  object space 54784K, 60% used [0x00000000e1200000,0x00000000e322c150,0x00000000e4780000)
 Metaspace       used 29159K, capacity 31036K, committed 31104K, reserved 1077248K
  class space    used 3536K, capacity 4156K, committed 4224K, reserved 1048576K
}
Event: 16.921 GC heap before
{Heap before GC invocations=19 (full 2):
 PSYoungGen      total 119808K, used 119420K [0x00000000f5b80000, 0x00000000fe600000, 0x0000000100000000)
  eden space 112128K, 100% used [0x00000000f5b80000,0x00000000fc900000,0x00000000fc900000)
  from space 7680K, 94% used [0x00000000fde80000,0x00000000fe59f2f0,0x00000000fe600000)
  to   space 13312K, 0% used [0x00000000fcc00000,0x00000000fcc00000,0x00000000fd900000)
 ParOldGen       total 54784K, used 32944K [0x00000000e1200000, 0x00000000e4780000, 0x00000000f5b80000)
  object space 54784K, 60% used [0x00000000e1200000,0x00000000e322c150,0x00000000e4780000)
 Metaspace       used 29181K, capacity 31036K, committed 31104K, reserved 1077248K
  class space    used 3536K, capacity 4156K, committed 4224K, reserved 1048576K
Event: 16.949 GC heap after
Heap after GC invocations=19 (full 2):
 PSYoungGen      total 128512K, used 13309K [0x00000000f5b80000, 0x00000000fff00000, 0x0000000100000000)
  eden space 115200K, 0% used [0x00000000f5b80000,0x00000000f5b80000,0x00000000fcc00000)
  from space 13312K, 99% used [0x00000000fcc00000,0x00000000fd8ff7d0,0x00000000fd900000)
  to   space 15872K, 0% used [0x00000000fef80000,0x00000000fef80000,0x00000000fff00000)
 ParOldGen       total 54784K, used 34400K [0x00000000e1200000, 0x00000000e4780000, 0x00000000f5b80000)
  object space 54784K, 62% used [0x00000000e1200000,0x00000000e3398150,0x00000000e4780000)
 Metaspace       used 29181K, capacity 31036K, committed 31104K, reserved 1077248K
  class space    used 3536K, capacity 4156K, committed 4224K, reserved 1048576K
}
Event: 19.120 GC heap before
{Heap before GC invocations=20 (full 2):
 PSYoungGen      total 128512K, used 128509K [0x00000000f5b80000, 0x00000000fff00000, 0x0000000100000000)
  eden space 115200K, 100% used [0x00000000f5b80000,0x00000000fcc00000,0x00000000fcc00000)
  from space 13312K, 99% used [0x00000000fcc00000,0x00000000fd8ff7d0,0x00000000fd900000)
  to   space 15872K, 0% used [0x00000000fef80000,0x00000000fef80000,0x00000000fff00000)
 ParOldGen       total 54784K, used 34400K [0x00000000e1200000, 0x00000000e4780000, 0x00000000f5b80000)
  object space 54784K, 62% used [0x00000000e1200000,0x00000000e3398150,0x00000000e4780000)
 Metaspace       used 29193K, capacity 31042K, committed 31360K, reserved 1077248K
  class space    used 3536K, capacity 4157K, committed 4224K, reserved 1048576K
Event: 19.150 GC heap after
Heap after GC invocations=20 (full 2):
 PSYoungGen      total 152064K, used 6353K [0x00000000f5b80000, 0x00000000ffe80000, 0x0000000100000000)
  eden space 136704K, 0% used [0x00000000f5b80000,0x00000000f5b80000,0x00000000fe100000)
  from space 15360K, 41% used [0x00000000fef80000,0x00000000ff5b4608,0x00000000ffe80000)
  to   space 14848K, 0% used [0x00000000fe100000,0x00000000fe100000,0x00000000fef80000)
 ParOldGen       total 54784K, used 44527K [0x00000000e1200000, 0x00000000e4780000, 0x00000000f5b80000)
  object space 54784K, 81% used [0x00000000e1200000,0x00000000e3d7bf18,0x00000000e4780000)
 Metaspace       used 29193K, capacity 31042K, committed 31360K, reserved 1077248K
  class space    used 3536K, capacity 4157K, committed 4224K, reserved 1048576K
}
Event: 19.822 GC heap before
{Heap before GC invocations=21 (full 2):
 PSYoungGen      total 152064K, used 143057K [0x00000000f5b80000, 0x00000000ffe80000, 0x0000000100000000)
  eden space 136704K, 100% used [0x00000000f5b80000,0x00000000fe100000,0x00000000fe100000)
  from space 15360K, 41% used [0x00000000fef80000,0x00000000ff5b4608,0x00000000ffe80000)
  to   space 14848K, 0% used [0x00000000fe100000,0x00000000fe100000,0x00000000fef80000)
 ParOldGen       total 54784K, used 44527K [0x00000000e1200000, 0x00000000e4780000, 0x00000000f5b80000)
  object space 54784K, 81% used [0x00000000e1200000,0x00000000e3d7bf18,0x00000000e4780000)
 Metaspace       used 29195K, capacity 31042K, committed 31360K, reserved 1077248K
  class space    used 3536K, capacity 4157K, committed 4224K, reserved 1048576K
Event: 19.860 GC heap after
Heap after GC invocations=21 (full 2):
 PSYoungGen      total 151552K, used 14845K [0x00000000f5b80000, 0x0000000100000000, 0x0000000100000000)
  eden space 136704K, 0% used [0x00000000f5b80000,0x00000000f5b80000,0x00000000fe100000)
  from space 14848K, 99% used [0x00000000fe100000,0x00000000fef7f618,0x00000000fef80000)
  to   space 16896K, 0% used [0x00000000fef80000,0x00000000fef80000,0x0000000100000000)
 ParOldGen       total 54784K, used 44815K [0x00000000e1200000, 0x00000000e4780000, 0x00000000f5b80000)
  object space 54784K, 81% used [0x00000000e1200000,0x00000000e3dc3f18,0x00000000e4780000)
 Metaspace       used 29195K, capacity 31042K, committed 31360K, reserved 1077248K
  class space    used 3536K, capacity 4157K, committed 4224K, reserved 1048576K
}
Event: 22.748 GC heap before
{Heap before GC invocations=22 (full 2):
 PSYoungGen      total 151552K, used 151549K [0x00000000f5b80000, 0x0000000100000000, 0x0000000100000000)
  eden space 136704K, 100% used [0x00000000f5b80000,0x00000000fe100000,0x00000000fe100000)
  from space 14848K, 99% used [0x00000000fe100000,0x00000000fef7f618,0x00000000fef80000)
  to   space 16896K, 0% used [0x00000000fef80000,0x00000000fef80000,0x0000000100000000)
 ParOldGen       total 54784K, used 44815K [0x00000000e1200000, 0x00000000e4780000, 0x00000000f5b80000)
  object space 54784K, 81% used [0x00000000e1200000,0x00000000e3dc3f18,0x00000000e4780000)
 Metaspace       used 29214K, capacity 31042K, committed 31360K, reserved 1077248K
  class space    used 3536K, capacity 4157K, committed 4224K, reserved 1048576K
Event: 22.812 GC heap after
Heap after GC invocations=22 (full 2):
 PSYoungGen      total 151552K, used 3712K [0x00000000f5b80000, 0x0000000100000000, 0x0000000100000000)
  eden space 134656K, 0% used [0x00000000f5b80000,0x00000000f5b80000,0x00000000fdf00000)
  from space 16896K, 21% used [0x00000000fef80000,0x00000000ff320088,0x0000000100000000)
  to   space 16896K, 0% used [0x00000000fdf00000,0x00000000fdf00000,0x00000000fef80000)
 ParOldGen       total 54784K, used 49439K [0x00000000e1200000, 0x00000000e4780000, 0x00000000f5b80000)
  object space 54784K, 90% used [0x00000000e1200000,0x00000000e4247f38,0x00000000e4780000)
 Metaspace       used 29214K, capacity 31042K, committed 31360K, reserved 1077248K
  class space    used 3536K, capacity 4157K, committed 4224K, reserved 1048576K
}
Event: 22.816 GC heap before
{Heap before GC invocations=23 (full 3):
 PSYoungGen      total 151552K, used 3712K [0x00000000f5b80000, 0x0000000100000000, 0x0000000100000000)
  eden space 134656K, 0% used [0x00000000f5b80000,0x00000000f5b80000,0x00000000fdf00000)
  from space 16896K, 21% used [0x00000000fef80000,0x00000000ff320088,0x0000000100000000)
  to   space 16896K, 0% used [0x00000000fdf00000,0x00000000fdf00000,0x00000000fef80000)
 ParOldGen       total 54784K, used 49439K [0x00000000e1200000, 0x00000000e4780000, 0x00000000f5b80000)
  object space 54784K, 90% used [0x00000000e1200000,0x00000000e4247f38,0x00000000e4780000)
 Metaspace       used 29214K, capacity 31042K, committed 31360K, reserved 1077248K
  class space    used 3536K, capacity 4157K, committed 4224K, reserved 1048576K

