# JRE version: OpenJDK Runtime Environment (8.0_162-b12) (build 1.8.0_162-8u162-b12-0ubuntu0.16.04.2-b12)
# Java VM: OpenJDK 64-Bit Server VM (25.162-b12 mixed mode linux-amd64 compressed oops)
Heap:
 PSYoungGen      total 37376K, used 9637K [0x00000000f5b80000, 0x00000000f8680000, 0x0000000100000000)
  eden space 33792K, 17% used [0x00000000f5b80000,0x00000000f616f360,0x00000000f7c80000)
  from space 3584K, 99% used [0x00000000f8100000,0x00000000f847a2b8,0x00000000f8480000)
  to   space 4608K, 0% used [0x00000000f7c80000,0x00000000f7c80000,0x00000000f8100000)
 ParOldGen       total 22016K, used 6556K [0x00000000e1200000, 0x00000000e2780000, 0x00000000f5b80000)
  object space 22016K, 29% used [0x00000000e1200000,0x00000000e1867168,0x00000000e2780000)
 Metaspace       used 12279K, capacity 12436K, committed 12672K, reserved 1060864K
  class space    used 1527K, capacity 1606K, committed 1664K, reserved 1048576K
GC Heap History (10 events):
Event: 2.972 GC heap before
{Heap before GC invocations=2 (full 0):
 PSYoungGen      total 9728K, used 9728K [0x00000000f5b80000, 0x00000000f6600000, 0x0000000100000000)
  eden space 8704K, 100% used [0x00000000f5b80000,0x00000000f6400000,0x00000000f6400000)
  from space 1024K, 100% used [0x00000000f6400000,0x00000000f6500000,0x00000000f6500000)
  to   space 1024K, 0% used [0x00000000f6500000,0x00000000f6500000,0x00000000f6600000)
 ParOldGen       total 22016K, used 858K [0x00000000e1200000, 0x00000000e2780000, 0x00000000f5b80000)
  object space 22016K, 3% used [0x00000000e1200000,0x00000000e12d6b40,0x00000000e2780000)
 Metaspace       used 6594K, capacity 6748K, committed 7040K, reserved 1056768K
  class space    used 751K, capacity 824K, committed 896K, reserved 1048576K
Event: 2.981 GC heap after
Heap after GC invocations=2 (full 0):
 PSYoungGen      total 9728K, used 1024K [0x00000000f5b80000, 0x00000000f6600000, 0x0000000100000000)
  eden space 8704K, 0% used [0x00000000f5b80000,0x00000000f5b80000,0x00000000f6400000)
  from space 1024K, 100% used [0x00000000f6500000,0x00000000f6600000,0x00000000f6600000)
  to   space 1024K, 0% used [0x00000000f6400000,0x00000000f6400000,0x00000000f6500000)
 ParOldGen       total 22016K, used 2120K [0x00000000e1200000, 0x00000000e2780000, 0x00000000f5b80000)
  object space 22016K, 9% used [0x00000000e1200000,0x00000000e1412170,0x00000000e2780000)
 Metaspace       used 6594K, capacity 6748K, committed 7040K, reserved 1056768K
  class space    used 751K, capacity 824K, committed 896K, reserved 1048576K
}
Event: 3.646 GC heap before
{Heap before GC invocations=3 (full 0):
 PSYoungGen      total 9728K, used 9728K [0x00000000f5b80000, 0x00000000f6600000, 0x0000000100000000)
  eden space 8704K, 100% used [0x00000000f5b80000,0x00000000f6400000,0x00000000f6400000)
  from space 1024K, 100% used [0x00000000f6500000,0x00000000f6600000,0x00000000f6600000)
  to   space 1024K, 0% used [0x00000000f6400000,0x00000000f6400000,0x00000000f6500000)
 ParOldGen       total 22016K, used 2120K [0x00000000e1200000, 0x00000000e2780000, 0x00000000f5b80000)
  object space 22016K, 9% used [0x00000000e1200000,0x00000000e1412170,0x00000000e2780000)
 Metaspace       used 7597K, capacity 7708K, committed 7936K, reserved 1056768K
  class space    used 904K, capacity 952K, committed 1024K, reserved 1048576K
Event: 3.714 GC heap after
Heap after GC invocations=3 (full 0):
 PSYoungGen      total 9728K, used 1024K [0x00000000f5b80000, 0x00000000f6e80000, 0x0000000100000000)
  eden space 8704K, 0% used [0x00000000f5b80000,0x00000000f5b80000,0x00000000f6400000)
  from space 1024K, 100% used [0x00000000f6400000,0x00000000f6500000,0x00000000f6500000)
  to   space 1024K, 0% used [0x00000000f6d80000,0x00000000f6d80000,0x00000000f6e80000)
 ParOldGen       total 22016K, used 3024K [0x00000000e1200000, 0x00000000e2780000, 0x00000000f5b80000)
  object space 22016K, 13% used [0x00000000e1200000,0x00000000e14f4008,0x00000000e2780000)
 Metaspace       used 7597K, capacity 7708K, committed 7936K, reserved 1056768K
  class space    used 904K, capacity 952K, committed 1024K, reserved 1048576K
}
Event: 4.401 GC heap before
{Heap before GC invocations=4 (full 0):
 PSYoungGen      total 9728K, used 9728K [0x00000000f5b80000, 0x00000000f6e80000, 0x0000000100000000)
  eden space 8704K, 100% used [0x00000000f5b80000,0x00000000f6400000,0x00000000f6400000)
  from space 1024K, 100% used [0x00000000f6400000,0x00000000f6500000,0x00000000f6500000)
  to   space 1024K, 0% used [0x00000000f6d80000,0x00000000f6d80000,0x00000000f6e80000)
 ParOldGen       total 22016K, used 3024K [0x00000000e1200000, 0x00000000e2780000, 0x00000000f5b80000)
  object space 22016K, 13% used [0x00000000e1200000,0x00000000e14f4008,0x00000000e2780000)
 Metaspace       used 7810K, capacity 7964K, committed 8192K, reserved 1056768K
  class space    used 954K, capacity 1016K, committed 1024K, reserved 1048576K
Event: 4.416 GC heap after
Heap after GC invocations=4 (full 0):
 PSYoungGen      total 18432K, used 992K [0x00000000f5b80000, 0x00000000f6e80000, 0x0000000100000000)
  eden space 17408K, 0% used [0x00000000f5b80000,0x00000000f5b80000,0x00000000f6c80000)
  from space 1024K, 96% used [0x00000000f6d80000,0x00000000f6e78020,0x00000000f6e80000)
  to   space 1024K, 0% used [0x00000000f6c80000,0x00000000f6c80000,0x00000000f6d80000)
 ParOldGen       total 22016K, used 3598K [0x00000000e1200000, 0x00000000e2780000, 0x00000000f5b80000)
  object space 22016K, 16% used [0x00000000e1200000,0x00000000e1583880,0x00000000e2780000)
 Metaspace       used 7810K, capacity 7964K, committed 8192K, reserved 1056768K
  class space    used 954K, capacity 1016K, committed 1024K, reserved 1048576K
}
Event: 10.826 GC heap before
{Heap before GC invocations=5 (full 0):
 PSYoungGen      total 18432K, used 18400K [0x00000000f5b80000, 0x00000000f6e80000, 0x0000000100000000)
  eden space 17408K, 100% used [0x00000000f5b80000,0x00000000f6c80000,0x00000000f6c80000)
  from space 1024K, 96% used [0x00000000f6d80000,0x00000000f6e78020,0x00000000f6e80000)
  to   space 1024K, 0% used [0x00000000f6c80000,0x00000000f6c80000,0x00000000f6d80000)
 ParOldGen       total 22016K, used 3598K [0x00000000e1200000, 0x00000000e2780000, 0x00000000f5b80000)
  object space 22016K, 16% used [0x00000000e1200000,0x00000000e1583880,0x00000000e2780000)
 Metaspace       used 9783K, capacity 9940K, committed 9984K, reserved 1058816K
  class space    used 1173K, capacity 1245K, committed 1280K, reserved 1048576K
Event: 10.857 GC heap after
Heap after GC invocations=5 (full 0):
 PSYoungGen      total 18432K, used 1024K [0x00000000f5b80000, 0x00000000f8480000, 0x0000000100000000)
  eden space 17408K, 0% used [0x00000000f5b80000,0x00000000f5b80000,0x00000000f6c80000)
  from space 1024K, 100% used [0x00000000f6c80000,0x00000000f6d80000,0x00000000f6d80000)
  to   space 3584K, 0% used [0x00000000f8100000,0x00000000f8100000,0x00000000f8480000)
 ParOldGen       total 22016K, used 6214K [0x00000000e1200000, 0x00000000e2780000, 0x00000000f5b80000)
  object space 22016K, 28% used [0x00000000e1200000,0x00000000e1811a28,0x00000000e2780000)
 Metaspace       used 9783K, capacity 9940K, committed 9984K, reserved 1058816K
  class space    used 1173K, capacity 1245K, committed 1280K, reserved 1048576K
}
Event: 77.102 GC heap before
{Heap before GC invocations=6 (full 0):
 PSYoungGen      total 18432K, used 18432K [0x00000000f5b80000, 0x00000000f8480000, 0x0000000100000000)
  eden space 17408K, 100% used [0x00000000f5b80000,0x00000000f6c80000,0x00000000f6c80000)
  from space 1024K, 100% used [0x00000000f6c80000,0x00000000f6d80000,0x00000000f6d80000)
  to   space 3584K, 0% used [0x00000000f8100000,0x00000000f8100000,0x00000000f8480000)
 ParOldGen       total 22016K, used 6214K [0x00000000e1200000, 0x00000000e2780000, 0x00000000f5b80000)
  object space 22016K, 28% used [0x00000000e1200000,0x00000000e1811a28,0x00000000e2780000)
 Metaspace       used 11651K, capacity 11822K, committed 12032K, reserved 1060864K
  class space    used 1432K, capacity 1509K, committed 1536K, reserved 1048576K
Event: 77.205 GC heap after
Heap after GC invocations=6 (full 0):
 PSYoungGen      total 37376K, used 3560K [0x00000000f5b80000, 0x00000000f8680000, 0x0000000100000000)
  eden space 33792K, 0% used [0x00000000f5b80000,0x00000000f5b80000,0x00000000f7c80000)
  from space 3584K, 99% used [0x00000000f8100000,0x00000000f847a2b8,0x00000000f8480000)
  to   space 4608K, 0% used [0x00000000f7c80000,0x00000000f7c80000,0x00000000f8100000)
 ParOldGen       total 22016K, used 6556K [0x00000000e1200000, 0x00000000e2780000, 0x00000000f5b80000)
  object space 22016K, 29% used [0x00000000e1200000,0x00000000e1867168,0x00000000e2780000)
 Metaspace       used 11651K, capacity 11822K, committed 12032K, reserved 1060864K
  class space    used 1432K, capacity 1509K, committed 1536K, reserved 1048576K
}

