# JRE version: OpenJDK Runtime Environment (8.0_162-b12) (build 1.8.0_162-8u162-b12-0ubuntu0.16.04.2-b12)
# Java VM: OpenJDK 64-Bit Server VM (25.162-b12 mixed mode linux-amd64 compressed oops)
Heap:
 PSYoungGen      total 153088K, used 2555K [0x00000000e6500000, 0x00000000f0b00000, 0x0000000100000000)
  eden space 150528K, 0% used [0x00000000e6500000,0x00000000e6500000,0x00000000ef800000)
  from space 2560K, 99% used [0x00000000f0880000,0x00000000f0afef80,0x00000000f0b00000)
  to   space 7680K, 0% used [0x00000000f0100000,0x00000000f0100000,0x00000000f0880000)
 ParOldGen       total 42496K, used 13404K [0x00000000b2e00000, 0x00000000b5780000, 0x00000000e6500000)
  object space 42496K, 31% used [0x00000000b2e00000,0x00000000b3b17038,0x00000000b5780000)
 Metaspace       used 34949K, capacity 35138K, committed 35456K, reserved 1079296K
  class space    used 4807K, capacity 4892K, committed 4992K, reserved 1048576K
GC Heap History (10 events):
Event: 2.825 GC heap after
Heap after GC invocations=6 (full 0):
 PSYoungGen      total 85504K, used 4587K [0x00000000e6500000, 0x00000000ec000000, 0x0000000100000000)
  eden space 80896K, 0% used [0x00000000e6500000,0x00000000e6500000,0x00000000eb400000)
  from space 4608K, 99% used [0x00000000eb980000,0x00000000ebdface0,0x00000000ebe00000)
  to   space 5632K, 0% used [0x00000000eb400000,0x00000000eb400000,0x00000000eb980000)
 ParOldGen       total 53248K, used 3079K [0x00000000b2e00000, 0x00000000b6200000, 0x00000000e6500000)
  object space 53248K, 5% used [0x00000000b2e00000,0x00000000b3101dc0,0x00000000b6200000)
 Metaspace       used 16376K, capacity 16540K, committed 16768K, reserved 1062912K
  class space    used 2246K, capacity 2310K, committed 2432K, reserved 1048576K
}
Event: 3.639 GC heap before
{Heap before GC invocations=7 (full 0):
 PSYoungGen      total 85504K, used 78341K [0x00000000e6500000, 0x00000000ec000000, 0x0000000100000000)
  eden space 80896K, 91% used [0x00000000e6500000,0x00000000ead06858,0x00000000eb400000)
  from space 4608K, 99% used [0x00000000eb980000,0x00000000ebdface0,0x00000000ebe00000)
  to   space 5632K, 0% used [0x00000000eb400000,0x00000000eb400000,0x00000000eb980000)
 ParOldGen       total 53248K, used 3079K [0x00000000b2e00000, 0x00000000b6200000, 0x00000000e6500000)
  object space 53248K, 5% used [0x00000000b2e00000,0x00000000b3101dc0,0x00000000b6200000)
 Metaspace       used 21062K, capacity 21180K, committed 21296K, reserved 1067008K
  class space    used 2863K, capacity 2918K, committed 2944K, reserved 1048576K
Event: 3.649 GC heap after
Heap after GC invocations=7 (full 0):
 PSYoungGen      total 86528K, used 5608K [0x00000000e6500000, 0x00000000f1200000, 0x0000000100000000)
  eden space 80896K, 0% used [0x00000000e6500000,0x00000000e6500000,0x00000000eb400000)
  from space 5632K, 99% used [0x00000000eb400000,0x00000000eb97a340,0x00000000eb980000)
  to   space 7680K, 0% used [0x00000000f0a80000,0x00000000f0a80000,0x00000000f1200000)
 ParOldGen       total 53248K, used 5949K [0x00000000b2e00000, 0x00000000b6200000, 0x00000000e6500000)
  object space 53248K, 11% used [0x00000000b2e00000,0x00000000b33cf578,0x00000000b6200000)
 Metaspace       used 21062K, capacity 21180K, committed 21296K, reserved 1067008K
  class space    used 2863K, capacity 2918K, committed 2944K, reserved 1048576K
}
Event: 3.649 GC heap before
{Heap before GC invocations=8 (full 1):
 PSYoungGen      total 86528K, used 5608K [0x00000000e6500000, 0x00000000f1200000, 0x0000000100000000)
  eden space 80896K, 0% used [0x00000000e6500000,0x00000000e6500000,0x00000000eb400000)
  from space 5632K, 99% used [0x00000000eb400000,0x00000000eb97a340,0x00000000eb980000)
  to   space 7680K, 0% used [0x00000000f0a80000,0x00000000f0a80000,0x00000000f1200000)
 ParOldGen       total 53248K, used 5949K [0x00000000b2e00000, 0x00000000b6200000, 0x00000000e6500000)
  object space 53248K, 11% used [0x00000000b2e00000,0x00000000b33cf578,0x00000000b6200000)
 Metaspace       used 21062K, capacity 21180K, committed 21296K, reserved 1067008K
  class space    used 2863K, capacity 2918K, committed 2944K, reserved 1048576K
Event: 3.705 GC heap after
Heap after GC invocations=8 (full 1):
 PSYoungGen      total 86528K, used 0K [0x00000000e6500000, 0x00000000f1200000, 0x0000000100000000)
  eden space 80896K, 0% used [0x00000000e6500000,0x00000000e6500000,0x00000000eb400000)
  from space 5632K, 0% used [0x00000000eb400000,0x00000000eb400000,0x00000000eb980000)
  to   space 7680K, 0% used [0x00000000f0a80000,0x00000000f0a80000,0x00000000f1200000)
 ParOldGen       total 42496K, used 8280K [0x00000000b2e00000, 0x00000000b5780000, 0x00000000e6500000)
  object space 42496K, 19% used [0x00000000b2e00000,0x00000000b36163b0,0x00000000b5780000)
 Metaspace       used 21062K, capacity 21180K, committed 21296K, reserved 1067008K
  class space    used 2863K, capacity 2918K, committed 2944K, reserved 1048576K
}
Event: 4.755 GC heap before
{Heap before GC invocations=9 (full 1):
 PSYoungGen      total 86528K, used 80896K [0x00000000e6500000, 0x00000000f1200000, 0x0000000100000000)
  eden space 80896K, 100% used [0x00000000e6500000,0x00000000eb400000,0x00000000eb400000)
  from space 5632K, 0% used [0x00000000eb400000,0x00000000eb400000,0x00000000eb980000)
  to   space 7680K, 0% used [0x00000000f0a80000,0x00000000f0a80000,0x00000000f1200000)
 ParOldGen       total 42496K, used 8280K [0x00000000b2e00000, 0x00000000b5780000, 0x00000000e6500000)
  object space 42496K, 19% used [0x00000000b2e00000,0x00000000b36163b0,0x00000000b5780000)
 Metaspace       used 25158K, capacity 25398K, committed 25600K, reserved 1071104K
  class space    used 3487K, capacity 3571K, committed 3584K, reserved 1048576K
Event: 4.763 GC heap after
Heap after GC invocations=9 (full 1):
 PSYoungGen      total 122368K, used 5184K [0x00000000e6500000, 0x00000000f1000000, 0x0000000100000000)
  eden space 116736K, 0% used [0x00000000e6500000,0x00000000e6500000,0x00000000ed700000)
  from space 5632K, 92% used [0x00000000f0a80000,0x00000000f0f90070,0x00000000f1000000)
  to   space 7680K, 0% used [0x00000000f0100000,0x00000000f0100000,0x00000000f0880000)
 ParOldGen       total 42496K, used 8288K [0x00000000b2e00000, 0x00000000b5780000, 0x00000000e6500000)
  object space 42496K, 19% used [0x00000000b2e00000,0x00000000b36183b0,0x00000000b5780000)
 Metaspace       used 25158K, capacity 25398K, committed 25600K, reserved 1071104K
  class space    used 3487K, capacity 3571K, committed 3584K, reserved 1048576K
}
Event: 6.190 GC heap before
{Heap before GC invocations=10 (full 1):
 PSYoungGen      total 122368K, used 121920K [0x00000000e6500000, 0x00000000f1000000, 0x0000000100000000)
  eden space 116736K, 100% used [0x00000000e6500000,0x00000000ed700000,0x00000000ed700000)
  from space 5632K, 92% used [0x00000000f0a80000,0x00000000f0f90070,0x00000000f1000000)
  to   space 7680K, 0% used [0x00000000f0100000,0x00000000f0100000,0x00000000f0880000)
 ParOldGen       total 42496K, used 8288K [0x00000000b2e00000, 0x00000000b5780000, 0x00000000e6500000)
  object space 42496K, 19% used [0x00000000b2e00000,0x00000000b36183b0,0x00000000b5780000)
 Metaspace       used 30685K, capacity 30934K, committed 31232K, reserved 1077248K
  class space    used 4243K, capacity 4307K, committed 4352K, reserved 1048576K
Event: 6.318 GC heap after
Heap after GC invocations=10 (full 1):
 PSYoungGen      total 158208K, used 7655K [0x00000000e6500000, 0x00000000f0b00000, 0x0000000100000000)
  eden space 150528K, 0% used [0x00000000e6500000,0x00000000e6500000,0x00000000ef800000)
  from space 7680K, 99% used [0x00000000f0100000,0x00000000f0879ff0,0x00000000f0880000)
  to   space 2560K, 0% used [0x00000000f0880000,0x00000000f0880000,0x00000000f0b00000)
 ParOldGen       total 42496K, used 9219K [0x00000000b2e00000, 0x00000000b5780000, 0x00000000e6500000)
  object space 42496K, 21% used [0x00000000b2e00000,0x00000000b3700c10,0x00000000b5780000)
 Metaspace       used 30685K, capacity 30934K, committed 31232K, reserved 1077248K
  class space    used 4243K, capacity 4307K, committed 4352K, reserved 1048576K
}
Event: 10.539 GC heap before
{Heap before GC invocations=11 (full 1):
 PSYoungGen      total 158208K, used 83251K [0x00000000e6500000, 0x00000000f0b00000, 0x0000000100000000)
  eden space 150528K, 50% used [0x00000000e6500000,0x00000000eaed2e20,0x00000000ef800000)
  from space 7680K, 99% used [0x00000000f0100000,0x00000000f0879ff0,0x00000000f0880000)
  to   space 2560K, 0% used [0x00000000f0880000,0x00000000f0880000,0x00000000f0b00000)
 ParOldGen       total 42496K, used 9219K [0x00000000b2e00000, 0x00000000b5780000, 0x00000000e6500000)
  object space 42496K, 21% used [0x00000000b2e00000,0x00000000b3700c10,0x00000000b5780000)
 Metaspace       used 34949K, capacity 35138K, committed 35456K, reserved 1079296K
  class space    used 4807K, capacity 4892K, committed 4992K, reserved 1048576K

